<?xml version="1.0" encoding="UTF-8"?>
<!-- Generated by org.testng.reporters.JUnitReportReporter -->
<testsuite name="TrainingPackage.Test1" tests="1" time="18.586" ignored="0" failures="0" timestamp="16 Jun 2017 21:26:18 GMT" skipped="0" hostname="Admin" errors="0">
  <testcase name="f" time="18.586" classname="TrainingPackage.Test1"/>
</testsuite> <!-- TrainingPackage.Test1 -->
