<?xml version="1.0" encoding="UTF-8"?>
<!-- Generated by org.testng.reporters.JUnitReportReporter -->
<testsuite hostname="Admin" name="TrainingPackage.InvocationCount" tests="10" failures="0" timestamp="23 Jul 2019 11:05:57 GMT" time="0.021" errors="0">
  <testcase name="login" time="0.000" classname="TrainingPackage.InvocationCount"/>
  <testcase name="login" time="0.001" classname="TrainingPackage.InvocationCount"/>
  <testcase name="login" time="0.001" classname="TrainingPackage.InvocationCount"/>
  <testcase name="login" time="0.005" classname="TrainingPackage.InvocationCount"/>
  <testcase name="login" time="0.001" classname="TrainingPackage.InvocationCount"/>
  <testcase name="login" time="0.001" classname="TrainingPackage.InvocationCount"/>
  <testcase name="login" time="0.001" classname="TrainingPackage.InvocationCount"/>
  <testcase name="login" time="0.001" classname="TrainingPackage.InvocationCount"/>
  <testcase name="login" time="0.009" classname="TrainingPackage.InvocationCount"/>
  <testcase name="login" time="0.001" classname="TrainingPackage.InvocationCount"/>
</testsuite> <!-- TrainingPackage.InvocationCount -->
