<?xml version="1.0" encoding="UTF-8"?>
<!-- Generated by org.testng.reporters.JUnitReportReporter -->
<testsuite name="TrainingPackage.Test3" tests="1" time="11.572" ignored="0" failures="0" timestamp="16 Jun 2017 23:01:23 GMT" skipped="0" hostname="Admin" errors="0">
  <testcase name="SS" time="11.572" classname="TrainingPackage.Test3"/>
</testsuite> <!-- TrainingPackage.Test3 -->
