<?xml version="1.0" encoding="UTF-8"?>
<!-- Generated by org.testng.reporters.JUnitReportReporter -->
<testsuite hostname="Admin" name="TrainingPackage.Test2" tests="2" failures="0" timestamp="18 Jul 2019 11:16:43 GMT" time="12.480" errors="0">
  <testcase name="b" time="6.159" classname="TrainingPackage.Test2"/>
  <testcase name="a" time="6.321" classname="TrainingPackage.Test2"/>
</testsuite> <!-- TrainingPackage.Test2 -->
