<?xml version="1.0" encoding="UTF-8"?>
<!-- Generated by org.testng.reporters.JUnitReportReporter -->
<testsuite hostname="Admin" name="TrainingPackage.ParaTestNG" tests="1" failures="0" timestamp="24 Jul 2019 07:33:57 GMT" time="31.745" errors="0">
  <testcase name="logintest" time="31.745" classname="TrainingPackage.ParaTestNG"/>
</testsuite> <!-- TrainingPackage.ParaTestNG -->
